<?xml version="1.0" encoding="UTF-8"?>
<testng-results ignored="0" total="1" passed="1" failed="0" skipped="0">
  <reporter-output>
  </reporter-output>
  <suite started-at="2023-12-13T23:38:23 IST" name="Default suite" finished-at="2023-12-13T23:38:23 IST" duration-ms="51">
    <groups>
    </groups>
    <test started-at="2023-12-13T23:38:23 IST" name="Default test" finished-at="2023-12-13T23:38:23 IST" duration-ms="51">
      <class name="com.sdetfinal.sdf">
        <test-method signature="men()[pri:0, instance:com.sdetfinal.sdf@5f058f00]" started-at="2023-12-13T23:38:23 IST" name="men" finished-at="2023-12-13T23:38:23 IST" duration-ms="15" status="PASS">
          <reporter-output>
          </reporter-output>
        </test-method> <!-- men -->
      </class> <!-- com.sdetfinal.sdf -->
    </test> <!-- Default test -->
  </suite> <!-- Default suite -->
</testng-results>
